Error:   Failed to scan for dependencies from entries:
  /home/runner/workspace/client/index.html

  ✘ [ERROR] Expected ">" but found "|"

    client/src/pages/AuthPage.tsx:108:62:
      108 │ ...stLogoutTime, setLastLogoutTime] = useState<string | null>(null);
          │                                                       ^
          ╵                                                       >


✘ [ERROR] The character ">" is not valid inside a JSX element

    client/src/pages/CandidateDashboard.tsx:48:16:
      48 │   useEffect(() => {
         │                 ^
         ╵                 {'>'}

  Did you mean to escape it as "{'>'}" instead?


✘ [ERROR] Unexpected "const"

    client/src/pages/CandidateDashboard.tsx:49:4:
      49 │     const checkSession = async (): Promise<void> => {
         ╵     ~~~~~


✘ [ERROR] The character ">" is not valid inside a JSX element

    client/src/pages/admin/AdminDashboard.tsx:30:16:
      30 │   useEffect(() => {
         │                 ^
         ╵                 {'>'}

  Did you mean to escape it as "{'>'}" instead?


✘ [ERROR] Expected "}" but found ";"

    client/src/pages/admin/AdminDashboard.tsx:31:47:
      31 │     document.title = "Admin Dashboard | NiDDiK";
         │                                                ^
         ╵                                                }


✘ [ERROR] Unexpected closing "CardContent" tag does not match opening "Card" tag

    client/src/pages/admin/AdminLogin.tsx:71:10:
      71 │         </CardContent>
         │           ~~~~~~~~~~~
         ╵           Card

  The opening "Card" tag is here:

    client/src/pages/admin/AdminLogin.tsx:60:9:
      60 │         <Card className="w-full max-w-md">
         ╵          ~~~~


✘ [ERROR] Unexpected closing "Card" tag does not match opening "div" tag

    client/src/pages/admin/AdminLogin.tsx:72:10:
      72 │         </Card>
         │           ~~~~
         ╵           div

  The opening "div" tag is here:

    client/src/pages/admin/AdminLogin.tsx:59:7:
      59 │       <div className="flex-grow flex items-center justify-center p...
         ╵        ~~~


✘ [ERROR] Unexpected closing "div" tag does not match opening fragment tag

    client/src/pages/admin/AdminLogin.tsx:74:6:
      74 │     </div>
         ╵       ~~~

  The opening fragment tag is here:

    client/src/pages/admin/AdminLogin.tsx:17:5:
      17 │     <>
         ╵      ^


✘ [ERROR] Unterminated regular expression

    client/src/pages/admin/AdminLogin.tsx:75:7:
      75 │     </>
         ╵        ^


    at failureErrorWithLog (/home/runner/workspace/node_modules/vite/node_modules/esbuild/lib/main.js:1472:15)
    at /home/runner/workspace/node_modules/vite/node_modules/esbuild/lib/main.js:945:25
    at runOnEndCallbacks (/home/runner/workspace/node_modules/vite/node_modules/esbuild/lib/main.js:1315:45)
    at buildResponseToResult (/home/runner/workspace/node_modules/vite/node_modules/esbuild/lib/main.js:943:7)
    at /home/runner/workspace/node_modules/vite/node_modules/esbuild/lib/main.js:955:9
    at new Promise (<anonymous>)
    at requestCallbacks.on-end (/home/runner/workspace/node_modules/vite/node_modules/esbuild/lib/main.js:954:54)
    at handleRequest (/home/runner/workspace/node_modules/vite/node_modules/esbuild/lib/main.js:647:17)
    at handleIncomingPacket (/home/runner/workspace/node_modules/vite/node_modules/esbuild/lib/main.js:672:7)
    at Socket.readFromStdout (/home/runner/workspace/node_modules/vite/node_modules/esbuild/lib/main.js:600:7)
